<?xml version="1.0" encoding="UTF-8"?>
<!-- Generated by org.testng.reporters.JUnitReportReporter -->
<testsuite hostname="LAPTOP-Q1P4S741" failures="0" tests="9" name="com.testcases.ProductTests" time="10.961" errors="0" timestamp="2022-06-28T17:46:20 CEST" skipped="0">
  <testcase classname="com.testcases.ProductTests" name="createProduct" time="0.732"/>
  <system-out/>
  <testcase classname="com.testcases.ProductTests" name="createProduct" time="0.690"/>
  <system-out/>
  <testcase classname="com.testcases.ProductTests" name="createProductWithoutValidName" time="3.173"/>
  <system-out/>
  <testcase classname="com.testcases.ProductTests" name="retrieveProduct" time="2.835"/>
  <system-out/>
  <testcase classname="com.testcases.ProductTests" name="updateProduct" time="0.752"/>
  <system-out/>
  <testcase classname="com.testcases.ProductTests" name="listAllActiveProducts" time="0.674"/>
  <system-out/>
  <testcase classname="com.testcases.ProductTests" name="deleteProduct" time="0.677"/>
  <system-out/>
  <testcase classname="com.testcases.ProductTests" name="deleteProduct" time="0.766"/>
  <system-out/>
  <testcase classname="com.testcases.ProductTests" name="searchDeletedProduct" time="0.662"/>
  <system-out/>
</testsuite> <!-- com.testcases.ProductTests -->
