<?xml version="1.0" encoding="UTF-8"?>
<!-- Generated by org.testng.reporters.JUnitReportReporter -->
<testsuite hostname="LAPTOP-Q1P4S741" failures="0" tests="4" name="com.testcases.testcase1" time="4.535" errors="0" timestamp="2022-05-24T14:38:17 CEST" skipped="0">
  <testcase classname="com.testcases.testcase1" name="createCustomerWithValidKey" time="0.768"/>
  <system-out/>
  <testcase classname="com.testcases.testcase1" name="createCustomerWithValidKey" time="0.760"/>
  <system-out/>
  <testcase classname="com.testcases.testcase1" name="createCustomerWithValidKey" time="0.700"/>
  <system-out/>
  <testcase classname="com.testcases.testcase1" name="createCustomerWithInvalidKey" time="2.307"/>
  <system-out/>
</testsuite> <!-- com.testcases.testcase1 -->
