<?xml version="1.0" encoding="UTF-8"?>
<!-- Generated by org.testng.reporters.JUnitReportReporter -->
<testsuite hostname="LAPTOP-Q1P4S741" failures="0" tests="13" name="com.testcases.InvoiceTests" time="14.210" errors="0" timestamp="2022-06-28T17:46:20 CEST" skipped="0">
  <testcase classname="com.testcases.InvoiceTests" name="createInvoiceItem" time="0.722"/>
  <system-out/>
  <testcase classname="com.testcases.InvoiceTests" name="createInvoice" time="1.029"/>
  <system-out/>
  <testcase classname="com.testcases.InvoiceTests" name="createInvoiceWithoutValidCustomerId" time="0.335"/>
  <system-out/>
  <testcase classname="com.testcases.InvoiceTests" name="updateInvoice" time="0.752"/>
  <system-out/>
  <testcase classname="com.testcases.InvoiceTests" name="retrieveInvoice" time="1.071"/>
  <system-out/>
  <testcase classname="com.testcases.InvoiceTests" name="finalizeInvoice" time="1.143"/>
  <system-out/>
  <testcase classname="com.testcases.InvoiceTests" name="payInvoice" time="3.314"/>
  <system-out/>
  <testcase classname="com.testcases.InvoiceTests" name="voidInvoiceThatWasPaid" time="0.648"/>
  <system-out/>
  <testcase classname="com.testcases.InvoiceTests" name="markInvoiceAsUncollectible" time="0.733"/>
  <system-out/>
  <testcase classname="com.testcases.InvoiceTests" name="listTwoLastInvoices" time="0.781"/>
  <system-out/>
  <testcase classname="com.testcases.InvoiceTests" name="searchInvoices" time="0.827"/>
  <system-out/>
  <testcase classname="com.testcases.InvoiceTests" name="deletePaidInvoice" time="0.612"/>
  <system-out/>
  <testcase classname="com.testcases.InvoiceTests" name="deleteDraftInvoice" time="2.243"/>
  <system-out/>
</testsuite> <!-- com.testcases.InvoiceTests -->
