<?xml version="1.0" encoding="UTF-8"?>
<!-- Generated by org.testng.reporters.JUnitReportReporter -->
<testsuite hostname="LAPTOP-Q1P4S741" failures="0" tests="1" name="testcases.testcase1" time="0.013" errors="0" timestamp="2022-05-09T19:13:54 CEST" skipped="0">
  <testcase classname="testcases.testcase1" name="doLogin" time="0.013"/>
  <system-out/>
</testsuite> <!-- testcases.testcase1 -->
