<?xml version="1.0" encoding="UTF-8"?>
<!-- Generated by org.testng.reporters.JUnitReportReporter -->
<testsuite hostname="LAPTOP-Q1P4S741" failures="0" tests="1" name="com.testcases.CustomerTests" time="2.686" errors="0" timestamp="2022-06-09T16:04:43 CEST" skipped="0">
  <testcase classname="com.testcases.CustomerTests" name="createCustomerWithInvalidEmail" time="2.686"/>
  <system-out/>
</testsuite> <!-- com.testcases.CustomerTests -->
