<?xml version="1.0" encoding="UTF-8"?>
<!-- Generated by org.testng.reporters.JUnitReportReporter -->
<testsuite hostname="LAPTOP-Q1P4S741" failures="0" tests="3" name="com.testcases.BalanceTests" time="1.875" errors="0" timestamp="2022-06-28T17:46:20 CEST" skipped="0">
  <testcase classname="com.testcases.BalanceTests" name="retrieveBalance" time="0.667"/>
  <system-out/>
  <testcase classname="com.testcases.BalanceTests" name="retrieveBalanceTransactionWithInvalidId" time="0.621"/>
  <system-out/>
  <testcase classname="com.testcases.BalanceTests" name="listAllBalanceTransactions" time="0.587"/>
  <system-out/>
</testsuite> <!-- com.testcases.BalanceTests -->
