<?xml version="1.0" encoding="UTF-8"?>
<!-- Generated by org.testng.reporters.JUnitReportReporter -->
<testsuite skipped="0" hostname="LAPTOP-Q1P4S741" name="com.testcases.testcase1" tests="4" failures="0" timestamp="2022-05-26T09:29:29 CEST" time="5.539" errors="0">
  <testcase name="createCustomerWithInvalidKey" time="3.346" classname="com.testcases.testcase1"/>
  <system-out/>
  <testcase name="createCustomerWithValidKey" time="0.768" classname="com.testcases.testcase1"/>
  <system-out/>
  <testcase name="createCustomerWithValidKey" time="0.700" classname="com.testcases.testcase1"/>
  <system-out/>
  <testcase name="createCustomerWithValidKey" time="0.725" classname="com.testcases.testcase1"/>
  <system-out/>
</testsuite> <!-- com.testcases.testcase1 -->
