<?xml version="1.0" encoding="UTF-8"?>
<!-- Generated by org.testng.reporters.JUnitReportReporter -->
<testsuite skipped="0" hostname="LAPTOP-Q1P4S741" name="com.testcases.testcase1" tests="4" failures="0" timestamp="2022-05-26T13:16:23 CEST" time="4.376" errors="0">
  <testcase name="createCustomerWithInvalidKey" time="2.041" classname="com.testcases.testcase1"/>
  <system-out/>
  <testcase name="createCustomerWithValidKey" time="0.881" classname="com.testcases.testcase1"/>
  <system-out/>
  <testcase name="createCustomerWithValidKey" time="0.702" classname="com.testcases.testcase1"/>
  <system-out/>
  <testcase name="createCustomerWithValidKey" time="0.752" classname="com.testcases.testcase1"/>
  <system-out/>
</testsuite> <!-- com.testcases.testcase1 -->
